<?xml version="1.0" encoding="UTF-8"?>
<!-- Generated by org.testng.reporters.JUnitXMLReporter -->
<testsuite hostname="KALAMSIR-PC" ignored="0" name="Test" tests="5" failures="0" timestamp="2021-02-10T12:19:38 IST" time="88.576" errors="0">
  <testcase name="runScenario" time="16.031" classname="io.cucumber.testng.AbstractTestNGCucumberTests"/>
  <testcase name="runScenario" time="10.427" classname="io.cucumber.testng.AbstractTestNGCucumberTests"/>
  <testcase name="runScenario" time="10.501" classname="io.cucumber.testng.AbstractTestNGCucumberTests"/>
  <testcase name="runScenario" time="10.55" classname="io.cucumber.testng.AbstractTestNGCucumberTests"/>
  <testcase name="runScenario" time="39.871" classname="io.cucumber.testng.AbstractTestNGCucumberTests"/>
</testsuite> <!-- Test -->
