<?xml version="1.0" encoding="UTF-8"?>
<testsuite xmlns:xsi="http://www.w3.org/2001/XMLSchema-instance" xsi:noNamespaceSchemaLocation="https://maven.apache.org/surefire/maven-surefire-plugin/xsd/surefire-test-report-3.0.xsd" version="3.0" name="tests.Runner1" time="65.609" tests="4" errors="3" skipped="0" failures="0">
  <properties>
[...]
</properties>
  <testcase name="Vaidate Gmail home page title" classname="Gmail Login" time="12.792"/>
  <testcase name="Validate password in login page" classname="Gmail Login" time="5.953">
    <error message="element click intercepted: Element &lt;span jsname=&quot;V67aGc&quot; class=&quot;VfPpkd-vQzf8d&quot;&gt;...&lt;/span&gt; is not clickable at point (651, 503). Other element would receive the click: &lt;div class=&quot;VfPpkd-RLmnJb&quot;&gt;&lt;/div&gt;&#10;  (Session info: chrome=84.0.4147.105)&#10;Build info: version: &apos;3.141.59&apos;, revision: &apos;e82be7d358&apos;, time: &apos;2018-11-14T08:17:03&apos;&#10;System info: host: &apos;KALAMSIR-PC&apos;, ip: &apos;192.168.0.107&apos;, os.name: &apos;Windows 7&apos;, os.arch: &apos;amd64&apos;, os.version: &apos;6.1&apos;, java.version: &apos;1.8.0_144&apos;&#10;Driver info: org.openqa.selenium.chrome.ChromeDriver&#10;Capabilities {acceptInsecureCerts: false, browserName: chrome, browserVersion: 84.0.4147.105, chrome: {chromedriverVersion: 84.0.4147.30 (48b3e868b4cc0..., userDataDir: C:\Windows\TEMP\scoped_dir6...}, goog:chromeOptions: {debuggerAddress: localhost:55565}, javascriptEnabled: true, networkConnectionEnabled: false, pageLoadStrategy: normal, platform: WINDOWS, platformName: WINDOWS, proxy: Proxy(), setWindowRect: true, strictFileInteractability: false, timeouts: {implicit: 0, pageLoad: 300000, script: 30000}, unhandledPromptBehavior: dismiss and notify, webauthn:virtualAuthenticators: true}&#10;Session ID: 3ab3a2da41e6ee25c3d10079f6aeb624" type="org.openqa.selenium.ElementClickInterceptedException"><![CDATA[org.openqa.selenium.ElementClickInterceptedException: 
element click intercepted: Element <span jsname="V67aGc" class="VfPpkd-vQzf8d">...</span> is not clickable at point (651, 503). Other element would receive the click: <div class="VfPpkd-RLmnJb"></div>
  (Session info: chrome=84.0.4147.105)
Build info: version: '3.141.59', revision: 'e82be7d358', time: '2018-11-14T08:17:03'
System info: host: 'KALAMSIR-PC', ip: '192.168.0.107', os.name: 'Windows 7', os.arch: 'amd64', os.version: '6.1', java.version: '1.8.0_144'
Driver info: org.openqa.selenium.chrome.ChromeDriver
Capabilities {acceptInsecureCerts: false, browserName: chrome, browserVersion: 84.0.4147.105, chrome: {chromedriverVersion: 84.0.4147.30 (48b3e868b4cc0..., userDataDir: C:\Windows\TEMP\scoped_dir6...}, goog:chromeOptions: {debuggerAddress: localhost:55565}, javascriptEnabled: true, networkConnectionEnabled: false, pageLoadStrategy: normal, platform: WINDOWS, platformName: WINDOWS, proxy: Proxy(), setWindowRect: true, strictFileInteractability: false, timeouts: {implicit: 0, pageLoad: 300000, script: 30000}, unhandledPromptBehavior: dismiss and notify, webauthn:virtualAuthenticators: true}
Session ID: 3ab3a2da41e6ee25c3d10079f6aeb624
]]></error>
    <system-out><![CDATA[
@smoketest
Scenario Outline: Validate password in login page                       # src/test/resources/features/feature2.feature:14
  Given launch site using "chrome"                                      # gluecode.StepDefs.method2(java.lang.String)
  When enter userid as "seleniumfullstack"                              # gluecode.StepDefs.method5(java.lang.String)
  And click userid next button                                          # gluecode.StepDefs.method6()
      org.openqa.selenium.ElementClickInterceptedException: element click intercepted: Element <span jsname="V67aGc" class="VfPpkd-vQzf8d">...</span> is not clickable at point (651, 503). Other element would receive the click: <div class="VfPpkd-RLmnJb"></div>
  (Session info: chrome=84.0.4147.105)
Build info: version: '3.141.59', revision: 'e82be7d358', time: '2018-11-14T08:17:03'
System info: host: 'KALAMSIR-PC', ip: '192.168.0.107', os.name: 'Windows 7', os.arch: 'amd64', os.version: '6.1', java.version: '1.8.0_144'
Driver info: org.openqa.selenium.chrome.ChromeDriver
Capabilities {acceptInsecureCerts: false, browserName: chrome, browserVersion: 84.0.4147.105, chrome: {chromedriverVersion: 84.0.4147.30 (48b3e868b4cc0..., userDataDir: C:\Windows\TEMP\scoped_dir6...}, goog:chromeOptions: {debuggerAddress: localhost:55565}, javascriptEnabled: true, networkConnectionEnabled: false, pageLoadStrategy: normal, platform: WINDOWS, platformName: WINDOWS, proxy: Proxy(), setWindowRect: true, strictFileInteractability: false, timeouts: {implicit: 0, pageLoad: 300000, script: 30000}, unhandledPromptBehavior: dismiss and notify, webauthn:virtualAuthenticators: true}
Session ID: 3ab3a2da41e6ee25c3d10079f6aeb624
	at sun.reflect.NativeConstructorAccessorImpl.newInstance0(Native Method)
	at sun.reflect.NativeConstructorAccessorImpl.newInstance(NativeConstructorAccessorImpl.java:62)
	at sun.reflect.DelegatingConstructorAccessorImpl.newInstance(DelegatingConstructorAccessorImpl.java:45)
	at java.lang.reflect.Constructor.newInstance(Constructor.java:423)
	at org.openqa.selenium.remote.http.W3CHttpResponseCodec.createException(W3CHttpResponseCodec.java:187)
	at org.openqa.selenium.remote.http.W3CHttpResponseCodec.decode(W3CHttpResponseCodec.java:122)
	at org.openqa.selenium.remote.http.W3CHttpResponseCodec.decode(W3CHttpResponseCodec.java:49)
	at org.openqa.selenium.remote.HttpCommandExecutor.execute(HttpCommandExecutor.java:158)
	at org.openqa.selenium.remote.service.DriverCommandExecutor.execute(DriverCommandExecutor.java:83)
	at org.openqa.selenium.remote.RemoteWebDriver.execute(RemoteWebDriver.java:552)
	at org.openqa.selenium.remote.RemoteWebElement.execute(RemoteWebElement.java:285)
	at org.openqa.selenium.remote.RemoteWebElement.click(RemoteWebElement.java:84)
	at sun.reflect.NativeMethodAccessorImpl.invoke0(Native Method)
	at sun.reflect.NativeMethodAccessorImpl.invoke(NativeMethodAccessorImpl.java:62)
	at sun.reflect.DelegatingMethodAccessorImpl.invoke(DelegatingMethodAccessorImpl.java:43)
	at java.lang.reflect.Method.invoke(Method.java:498)
	at org.openqa.selenium.support.pagefactory.internal.LocatingElementHandler.invoke(LocatingElementHandler.java:51)
	at com.sun.proxy.$Proxy17.click(Unknown Source)
	at pages.HomePage.uidnextclick(HomePage.java:42)
	at gluecode.StepDefs.method6(StepDefs.java:104)
	at ?.click userid next button(file:///E:/batch245/org.magnitia.gmailbdd/src/test/resources/features/feature2.feature:7)

  And enter password as "nareshyadav"                                   # gluecode.StepDefs.method8(java.lang.String)
  And click password next button                                        # gluecode.StepDefs.method9()
  Then validate outcome related to given password criteria like "valid" # gluecode.StepDefs.method10(java.lang.String)
  When close site                                                       # gluecode.StepDefs.method4()
]]></system-out>
    <system-err><![CDATA[Starting ChromeDriver 84.0.4147.30 (48b3e868b4cc0aa7e8149519690b6f6949e110a8-refs/branch-heads/4147@{#310}) on port 42927
Only local connections are allowed.
Please see https://chromedriver.chromium.org/security-considerations for suggestions on keeping ChromeDriver safe.
ChromeDriver was started successfully.
Aug 10, 2020 9:45:25 AM org.openqa.selenium.remote.ProtocolHandshake createSession
INFO: Detected dialect: W3C
]]></system-err>
  </testcase>
  <testcase name="Validate password in login page" classname="Gmail Login" time="27.815">
    <error message="Element &lt;span class=&quot;VfPpkd-vQzf8d&quot;&gt; is not clickable at point (652,503) because another element &lt;div class=&quot;VfPpkd-RLmnJb&quot;&gt; obscures it&#10;Build info: version: &apos;3.141.59&apos;, revision: &apos;e82be7d358&apos;, time: &apos;2018-11-14T08:17:03&apos;&#10;System info: host: &apos;KALAMSIR-PC&apos;, ip: &apos;192.168.0.107&apos;, os.name: &apos;Windows 7&apos;, os.arch: &apos;amd64&apos;, os.version: &apos;6.1&apos;, java.version: &apos;1.8.0_144&apos;&#10;Driver info: org.openqa.selenium.firefox.FirefoxDriver&#10;Capabilities {acceptInsecureCerts: true, browserName: firefox, browserVersion: 79.0, javascriptEnabled: true, moz:accessibilityChecks: false, moz:buildID: 20200720193547, moz:geckodriverVersion: 0.27.0, moz:headless: false, moz:processID: 8532, moz:profile: C:\Windows\Temp\rust_mozpro..., moz:shutdownTimeout: 60000, moz:useNonSpecCompliantPointerOrigin: false, moz:webdriverClick: true, pageLoadStrategy: normal, platform: WINDOWS, platformName: WINDOWS, platformVersion: 6.1, rotatable: false, setWindowRect: true, strictFileInteractability: false, timeouts: {implicit: 0, pageLoad: 300000, script: 30000}, unhandledPromptBehavior: dismiss and notify}&#10;Session ID: ac39bd0f-65f9-44fb-a94f-30d0f17ec51a" type="org.openqa.selenium.ElementClickInterceptedException"><![CDATA[org.openqa.selenium.ElementClickInterceptedException: 
Element <span class="VfPpkd-vQzf8d"> is not clickable at point (652,503) because another element <div class="VfPpkd-RLmnJb"> obscures it
Build info: version: '3.141.59', revision: 'e82be7d358', time: '2018-11-14T08:17:03'
System info: host: 'KALAMSIR-PC', ip: '192.168.0.107', os.name: 'Windows 7', os.arch: 'amd64', os.version: '6.1', java.version: '1.8.0_144'
Driver info: org.openqa.selenium.firefox.FirefoxDriver
Capabilities {acceptInsecureCerts: true, browserName: firefox, browserVersion: 79.0, javascriptEnabled: true, moz:accessibilityChecks: false, moz:buildID: 20200720193547, moz:geckodriverVersion: 0.27.0, moz:headless: false, moz:processID: 8532, moz:profile: C:\Windows\Temp\rust_mozpro..., moz:shutdownTimeout: 60000, moz:useNonSpecCompliantPointerOrigin: false, moz:webdriverClick: true, pageLoadStrategy: normal, platform: WINDOWS, platformName: WINDOWS, platformVersion: 6.1, rotatable: false, setWindowRect: true, strictFileInteractability: false, timeouts: {implicit: 0, pageLoad: 300000, script: 30000}, unhandledPromptBehavior: dismiss and notify}
Session ID: ac39bd0f-65f9-44fb-a94f-30d0f17ec51a
]]></error>
    <system-out><![CDATA[
@smoketest
Scenario Outline: Validate password in login page                         # src/test/resources/features/feature2.feature:15
  Given launch site using "firefox"                                       # gluecode.StepDefs.method2(java.lang.String)
  When enter userid as "seleniumfullstack"                                # gluecode.StepDefs.method5(java.lang.String)
  And click userid next button                                            # gluecode.StepDefs.method6()
      org.openqa.selenium.ElementClickInterceptedException: Element <span class="VfPpkd-vQzf8d"> is not clickable at point (652,503) because another element <div class="VfPpkd-RLmnJb"> obscures it
Build info: version: '3.141.59', revision: 'e82be7d358', time: '2018-11-14T08:17:03'
System info: host: 'KALAMSIR-PC', ip: '192.168.0.107', os.name: 'Windows 7', os.arch: 'amd64', os.version: '6.1', java.version: '1.8.0_144'
Driver info: org.openqa.selenium.firefox.FirefoxDriver
Capabilities {acceptInsecureCerts: true, browserName: firefox, browserVersion: 79.0, javascriptEnabled: true, moz:accessibilityChecks: false, moz:buildID: 20200720193547, moz:geckodriverVersion: 0.27.0, moz:headless: false, moz:processID: 8532, moz:profile: C:\Windows\Temp\rust_mozpro..., moz:shutdownTimeout: 60000, moz:useNonSpecCompliantPointerOrigin: false, moz:webdriverClick: true, pageLoadStrategy: normal, platform: WINDOWS, platformName: WINDOWS, platformVersion: 6.1, rotatable: false, setWindowRect: true, strictFileInteractability: false, timeouts: {implicit: 0, pageLoad: 300000, script: 30000}, unhandledPromptBehavior: dismiss and notify}
Session ID: ac39bd0f-65f9-44fb-a94f-30d0f17ec51a
	at sun.reflect.NativeConstructorAccessorImpl.newInstance0(Native Method)
	at sun.reflect.NativeConstructorAccessorImpl.newInstance(NativeConstructorAccessorImpl.java:62)
	at sun.reflect.DelegatingConstructorAccessorImpl.newInstance(DelegatingConstructorAccessorImpl.java:45)
	at java.lang.reflect.Constructor.newInstance(Constructor.java:423)
	at org.openqa.selenium.remote.http.W3CHttpResponseCodec.createException(W3CHttpResponseCodec.java:187)
	at org.openqa.selenium.remote.http.W3CHttpResponseCodec.decode(W3CHttpResponseCodec.java:122)
	at org.openqa.selenium.remote.http.W3CHttpResponseCodec.decode(W3CHttpResponseCodec.java:49)
	at org.openqa.selenium.remote.HttpCommandExecutor.execute(HttpCommandExecutor.java:158)
	at org.openqa.selenium.remote.service.DriverCommandExecutor.execute(DriverCommandExecutor.java:83)
	at org.openqa.selenium.remote.RemoteWebDriver.execute(RemoteWebDriver.java:552)
	at org.openqa.selenium.remote.RemoteWebElement.execute(RemoteWebElement.java:285)
	at org.openqa.selenium.remote.RemoteWebElement.click(RemoteWebElement.java:84)
	at sun.reflect.NativeMethodAccessorImpl.invoke0(Native Method)
	at sun.reflect.NativeMethodAccessorImpl.invoke(NativeMethodAccessorImpl.java:62)
	at sun.reflect.DelegatingMethodAccessorImpl.invoke(DelegatingMethodAccessorImpl.java:43)
	at java.lang.reflect.Method.invoke(Method.java:498)
	at org.openqa.selenium.support.pagefactory.internal.LocatingElementHandler.invoke(LocatingElementHandler.java:51)
	at com.sun.proxy.$Proxy17.click(Unknown Source)
	at pages.HomePage.uidnextclick(HomePage.java:42)
	at gluecode.StepDefs.method6(StepDefs.java:104)
	at ?.click userid next button(file:///E:/batch245/org.magnitia.gmailbdd/src/test/resources/features/feature2.feature:7)

  And enter password as "nareshstudent"                                   # gluecode.StepDefs.method8(java.lang.String)
  And click password next button                                          # gluecode.StepDefs.method9()
  Then validate outcome related to given password criteria like "invalid" # gluecode.StepDefs.method10(java.lang.String)
  When close site                                                         # gluecode.StepDefs.method4()
]]></system-out>
    <system-err><![CDATA[1597032930915	geckodriver	INFO	Listening on 127.0.0.1:40485
1597032931785	mozrunner::runner	INFO	Running command: "C:\\Program Files\\Mozilla Firefox\\firefox.exe" "--marionette" "-foreground" "-no-remote" "-profile" "C:\\Windows\\TEMP\\rust_mozprofileInLZav"
[Parent 8532, Gecko_IOThread] WARNING: Failed to launch tab subprocess: file /builds/worker/checkouts/gecko/ipc/glue/GeckoChildProcessHost.cpp, line 745
console.error: SearchCache: "_readCacheFile: Error reading cache file:" (new Error("", "(unknown module)"))
JavaScript error: resource://gre/modules/XULStore.jsm, line 66: Error: Can't find profile directory.
1597032948336	Marionette	INFO	Listening on port 55587
1597032948947	Marionette	WARN	TLS certificate errors will be ignored for this session
Aug 10, 2020 9:45:49 AM org.openqa.selenium.remote.ProtocolHandshake createSession
INFO: Detected dialect: W3C
JavaScript warning: https://accounts.google.com/ServiceLogin?service=mail&passive=true&rm=false&continue=https://mail.google.com/mail/&ss=1&scc=1&ltmpl=default&ltmplcache=2&emr=1&osid=1# line 1 > Function line 3 > eval, line 1: WebGL warning: <Create>: getContext: Disallowing antialiased backbuffers due to blacklisting. (FEATURE_FAILURE_UNKNOWN_DEVICE_VENDOR)
]]></system-err>
  </testcase>
  <testcase name="Validate password in login page" classname="Gmail Login" time="18.391">
    <error message="element click intercepted: Element &lt;span jsname=&quot;V67aGc&quot; class=&quot;VfPpkd-vQzf8d&quot;&gt;...&lt;/span&gt; is not clickable at point (631, 489). Other element would receive the click: &lt;div class=&quot;VfPpkd-RLmnJb&quot;&gt;&lt;/div&gt;&#10;  (Session info: chrome=84.0.4147.89)&#10;  (Driver info: operadriver=84.0.4147.89 (19abfe7bcba9318a0b2a6bc6634a67fc834aa592-refs/branch-heads/4147@{#852}),platform=Windows NT 6.1.7601 SP1 x86_64) (WARNING: The server did not provide any stacktrace information)&#10;Command duration or timeout: 0 milliseconds&#10;Build info: version: &apos;3.141.59&apos;, revision: &apos;e82be7d358&apos;, time: &apos;2018-11-14T08:17:03&apos;&#10;System info: host: &apos;KALAMSIR-PC&apos;, ip: &apos;192.168.0.107&apos;, os.name: &apos;Windows 7&apos;, os.arch: &apos;amd64&apos;, os.version: &apos;6.1&apos;, java.version: &apos;1.8.0_144&apos;&#10;Driver info: org.openqa.selenium.opera.OperaDriver&#10;Capabilities {acceptInsecureCerts: false, acceptSslCerts: false, applicationCacheEnabled: false, browserConnectionEnabled: false, browserName: opera, cssSelectorsEnabled: true, databaseEnabled: false, goog:chromeOptions: {debuggerAddress: localhost:55656}, handlesAlerts: true, hasTouchScreen: false, javascriptEnabled: true, locationContextEnabled: true, mobileEmulationEnabled: false, nativeEvents: true, networkConnectionEnabled: false, opera: {operadriverVersion: 84.0.4147.89 (19abfe7bcba93..., userDataDir: C:\Windows\TEMP\scoped_dir9...}, pageLoadStrategy: normal, platform: WINDOWS, platformName: WINDOWS, proxy: Proxy(), rotatable: false, setWindowRect: true, strictFileInteractability: false, takesHeapSnapshot: true, takesScreenshot: true, timeouts: {implicit: 0, pageLoad: 300000, script: 30000}, unexpectedAlertBehaviour: ignore, unhandledPromptBehavior: ignore, version: 84.0.4147.89, webStorageEnabled: true, webauthn:virtualAuthenticators: true}&#10;Session ID: 347b7f7bb57697b4088f751b7f98ac7e" type="org.openqa.selenium.ElementClickInterceptedException"><![CDATA[org.openqa.selenium.ElementClickInterceptedException: 
element click intercepted: Element <span jsname="V67aGc" class="VfPpkd-vQzf8d">...</span> is not clickable at point (631, 489). Other element would receive the click: <div class="VfPpkd-RLmnJb"></div>
  (Session info: chrome=84.0.4147.89)
  (Driver info: operadriver=84.0.4147.89 (19abfe7bcba9318a0b2a6bc6634a67fc834aa592-refs/branch-heads/4147@{#852}),platform=Windows NT 6.1.7601 SP1 x86_64) (WARNING: The server did not provide any stacktrace information)
Command duration or timeout: 0 milliseconds
Build info: version: '3.141.59', revision: 'e82be7d358', time: '2018-11-14T08:17:03'
System info: host: 'KALAMSIR-PC', ip: '192.168.0.107', os.name: 'Windows 7', os.arch: 'amd64', os.version: '6.1', java.version: '1.8.0_144'
Driver info: org.openqa.selenium.opera.OperaDriver
Capabilities {acceptInsecureCerts: false, acceptSslCerts: false, applicationCacheEnabled: false, browserConnectionEnabled: false, browserName: opera, cssSelectorsEnabled: true, databaseEnabled: false, goog:chromeOptions: {debuggerAddress: localhost:55656}, handlesAlerts: true, hasTouchScreen: false, javascriptEnabled: true, locationContextEnabled: true, mobileEmulationEnabled: false, nativeEvents: true, networkConnectionEnabled: false, opera: {operadriverVersion: 84.0.4147.89 (19abfe7bcba93..., userDataDir: C:\Windows\TEMP\scoped_dir9...}, pageLoadStrategy: normal, platform: WINDOWS, platformName: WINDOWS, proxy: Proxy(), rotatable: false, setWindowRect: true, strictFileInteractability: false, takesHeapSnapshot: true, takesScreenshot: true, timeouts: {implicit: 0, pageLoad: 300000, script: 30000}, unexpectedAlertBehaviour: ignore, unhandledPromptBehavior: ignore, version: 84.0.4147.89, webStorageEnabled: true, webauthn:virtualAuthenticators: true}
Session ID: 347b7f7bb57697b4088f751b7f98ac7e
]]></error>
    <system-out><![CDATA[
@smoketest
Scenario Outline: Validate password in login page                       # src/test/resources/features/feature2.feature:16
  Given launch site using "opera"                                       # gluecode.StepDefs.method2(java.lang.String)
  When enter userid as "seleniumfullstack"                              # gluecode.StepDefs.method5(java.lang.String)
  And click userid next button                                          # gluecode.StepDefs.method6()
      org.openqa.selenium.ElementClickInterceptedException: element click intercepted: Element <span jsname="V67aGc" class="VfPpkd-vQzf8d">...</span> is not clickable at point (631, 489). Other element would receive the click: <div class="VfPpkd-RLmnJb"></div>
  (Session info: chrome=84.0.4147.89)
  (Driver info: operadriver=84.0.4147.89 (19abfe7bcba9318a0b2a6bc6634a67fc834aa592-refs/branch-heads/4147@{#852}),platform=Windows NT 6.1.7601 SP1 x86_64) (WARNING: The server did not provide any stacktrace information)
Command duration or timeout: 0 milliseconds
Build info: version: '3.141.59', revision: 'e82be7d358', time: '2018-11-14T08:17:03'
System info: host: 'KALAMSIR-PC', ip: '192.168.0.107', os.name: 'Windows 7', os.arch: 'amd64', os.version: '6.1', java.version: '1.8.0_144'
Driver info: org.openqa.selenium.opera.OperaDriver
Capabilities {acceptInsecureCerts: false, acceptSslCerts: false, applicationCacheEnabled: false, browserConnectionEnabled: false, browserName: opera, cssSelectorsEnabled: true, databaseEnabled: false, goog:chromeOptions: {debuggerAddress: localhost:55656}, handlesAlerts: true, hasTouchScreen: false, javascriptEnabled: true, locationContextEnabled: true, mobileEmulationEnabled: false, nativeEvents: true, networkConnectionEnabled: false, opera: {operadriverVersion: 84.0.4147.89 (19abfe7bcba93..., userDataDir: C:\Windows\TEMP\scoped_dir9...}, pageLoadStrategy: normal, platform: WINDOWS, platformName: WINDOWS, proxy: Proxy(), rotatable: false, setWindowRect: true, strictFileInteractability: false, takesHeapSnapshot: true, takesScreenshot: true, timeouts: {implicit: 0, pageLoad: 300000, script: 30000}, unexpectedAlertBehaviour: ignore, unhandledPromptBehavior: ignore, version: 84.0.4147.89, webStorageEnabled: true, webauthn:virtualAuthenticators: true}
Session ID: 347b7f7bb57697b4088f751b7f98ac7e
	at sun.reflect.NativeConstructorAccessorImpl.newInstance0(Native Method)
	at sun.reflect.NativeConstructorAccessorImpl.newInstance(NativeConstructorAccessorImpl.java:62)
	at sun.reflect.DelegatingConstructorAccessorImpl.newInstance(DelegatingConstructorAccessorImpl.java:45)
	at java.lang.reflect.Constructor.newInstance(Constructor.java:423)
	at org.openqa.selenium.remote.ErrorHandler.createThrowable(ErrorHandler.java:214)
	at org.openqa.selenium.remote.ErrorHandler.throwIfResponseFailed(ErrorHandler.java:166)
	at org.openqa.selenium.remote.http.JsonHttpResponseCodec.reconstructValue(JsonHttpResponseCodec.java:40)
	at org.openqa.selenium.remote.http.AbstractHttpResponseCodec.decode(AbstractHttpResponseCodec.java:80)
	at org.openqa.selenium.remote.http.AbstractHttpResponseCodec.decode(AbstractHttpResponseCodec.java:44)
	at org.openqa.selenium.remote.HttpCommandExecutor.execute(HttpCommandExecutor.java:158)
	at org.openqa.selenium.remote.service.DriverCommandExecutor.execute(DriverCommandExecutor.java:83)
	at org.openqa.selenium.remote.RemoteWebDriver.execute(RemoteWebDriver.java:552)
	at org.openqa.selenium.remote.RemoteWebElement.execute(RemoteWebElement.java:285)
	at org.openqa.selenium.remote.RemoteWebElement.click(RemoteWebElement.java:84)
	at sun.reflect.NativeMethodAccessorImpl.invoke0(Native Method)
	at sun.reflect.NativeMethodAccessorImpl.invoke(NativeMethodAccessorImpl.java:62)
	at sun.reflect.DelegatingMethodAccessorImpl.invoke(DelegatingMethodAccessorImpl.java:43)
	at java.lang.reflect.Method.invoke(Method.java:498)
	at org.openqa.selenium.support.pagefactory.internal.LocatingElementHandler.invoke(LocatingElementHandler.java:51)
	at com.sun.proxy.$Proxy17.click(Unknown Source)
	at pages.HomePage.uidnextclick(HomePage.java:42)
	at gluecode.StepDefs.method6(StepDefs.java:104)
	at ?.click userid next button(file:///E:/batch245/org.magnitia.gmailbdd/src/test/resources/features/feature2.feature:7)

  And enter password as ""                                              # gluecode.StepDefs.method8(java.lang.String)
  And click password next button                                        # gluecode.StepDefs.method9()
  Then validate outcome related to given password criteria like "blank" # gluecode.StepDefs.method10(java.lang.String)
  When close site                                                       # gluecode.StepDefs.method4()
]]></system-out>
    <system-err><![CDATA[Starting OperaDriver 84.0.4147.89 (19abfe7bcba9318a0b2a6bc6634a67fc834aa592-refs/branch-heads/4147@{#852}) on port 37289
Only local connections are allowed.
Please see https://chromedriver.chromium.org/security-considerations for suggestions on keeping OperaDriver safe.
OperaDriver was started successfully.
Aug 10, 2020 9:46:11 AM org.openqa.selenium.remote.ProtocolHandshake createSession
INFO: Detected dialect: OSS
]]></system-err>
  </testcase>
</testsuite>